{
  "0 debug pnpm:scope": {
    "selected": 1
  },
  "1 info pnpm": {
    "err": {
      "name": "Error",
      "message": "not found: dev",
      "code": "ENOENT",
      "stack": "Error: not found: dev\n    at getNotFoundError (/usr/lib/node_modules/pnpm/dist/pnpm.cjs:41585:51)\n    at Function.whichSync [as sync] (/usr/lib/node_modules/pnpm/dist/pnpm.cjs:41662:13)\n    at getCommandAbsolutePathSync (/usr/lib/node_modules/pnpm/dist/pnpm.cjs:43227:44)\n    at default_1 (/usr/lib/node_modules/pnpm/dist/pnpm.cjs:43236:32)\n    at /usr/lib/node_modules/pnpm/dist/pnpm.cjs:178180:39"
    }
  },
  "2 error pnpm": {
    "code": "ERR_PNPM_RECURSIVE_EXEC_FIRST_FAIL",
    "prefix": "/home/mohammadraufzahed/Workspace/Github Repos/interactive-rating-component",
    "err": {
      "name": "pnpm",
      "message": "not found: dev",
      "code": "ERR_PNPM_RECURSIVE_EXEC_FIRST_FAIL",
      "stack": "Error: not found: dev\n    at getNotFoundError (/usr/lib/node_modules/pnpm/dist/pnpm.cjs:41585:51)\n    at Function.whichSync [as sync] (/usr/lib/node_modules/pnpm/dist/pnpm.cjs:41662:13)\n    at getCommandAbsolutePathSync (/usr/lib/node_modules/pnpm/dist/pnpm.cjs:43227:44)\n    at default_1 (/usr/lib/node_modules/pnpm/dist/pnpm.cjs:43236:32)\n    at /usr/lib/node_modules/pnpm/dist/pnpm.cjs:178180:39"
    }
  }
}